c:\users\eden\documents\visual studio 2015\projects\d3d11example\d3d11example\debug\vc140.pdb
c:\users\eden\documents\visual studio 2015\projects\d3d11example\d3d11example\debug\vc140.idb
c:\users\eden\documents\visual studio 2015\projects\d3d11example\d3d11example\debug\cbox.obj
c:\users\eden\documents\visual studio 2015\projects\d3d11example\d3d11example\debug\customwindow.obj
c:\users\eden\documents\visual studio 2015\projects\d3d11example\d3d11example\debug\gamecamera.obj
c:\users\eden\documents\visual studio 2015\projects\d3d11example\d3d11example\debug\gamestatic.obj
c:\users\eden\documents\visual studio 2015\projects\d3d11example\d3d11example\debug\level.obj
c:\users\eden\documents\visual studio 2015\projects\d3d11example\d3d11example\debug\main.obj
c:\users\eden\documents\visual studio 2015\projects\d3d11example\d3d11example\debug\renderer.obj
c:\users\eden\documents\visual studio 2015\projects\d3d11example\d3d11example\debug\textureclass.obj
c:\users\eden\documents\visual studio 2015\projects\d3d11example\d3d11example\debug\gametimer.obj
c:\users\eden\documents\visual studio 2015\projects\d3d11example\d3d11example\debug\gameobject.obj
c:\users\eden\documents\visual studio 2015\projects\d3d11example\d3d11example\debug\importmodel.obj
c:\users\eden\documents\visual studio 2015\projects\d3d11example\debug\color.cso
c:\users\eden\documents\visual studio 2015\projects\d3d11example\debug\trianglepixelshader.cso
c:\users\eden\documents\visual studio 2015\projects\d3d11example\debug\trianglevertexshader.cso
c:\users\eden\documents\visual studio 2015\projects\d3d11example\debug\d3d11example.ilk
c:\users\eden\documents\visual studio 2015\projects\d3d11example\debug\d3d11example.exe
c:\users\eden\documents\visual studio 2015\projects\d3d11example\debug\d3d11example.pdb
c:\users\eden\documents\visual studio 2015\projects\d3d11example\d3d11example\debug\d3d11example.tlog\cl.command.1.tlog
c:\users\eden\documents\visual studio 2015\projects\d3d11example\d3d11example\debug\d3d11example.tlog\cl.read.1.tlog
c:\users\eden\documents\visual studio 2015\projects\d3d11example\d3d11example\debug\d3d11example.tlog\cl.write.1.tlog
c:\users\eden\documents\visual studio 2015\projects\d3d11example\d3d11example\debug\d3d11example.tlog\d3d11example.write.1u.tlog
c:\users\eden\documents\visual studio 2015\projects\d3d11example\d3d11example\debug\d3d11example.tlog\fxc.command.1.tlog
c:\users\eden\documents\visual studio 2015\projects\d3d11example\d3d11example\debug\d3d11example.tlog\fxc.read.1.tlog
c:\users\eden\documents\visual studio 2015\projects\d3d11example\d3d11example\debug\d3d11example.tlog\fxc.write.1.tlog
c:\users\eden\documents\visual studio 2015\projects\d3d11example\d3d11example\debug\d3d11example.tlog\link.command.1.tlog
c:\users\eden\documents\visual studio 2015\projects\d3d11example\d3d11example\debug\d3d11example.tlog\link.read.1.tlog
c:\users\eden\documents\visual studio 2015\projects\d3d11example\d3d11example\debug\d3d11example.tlog\link.write.1.tlog
